<?xml version="1.0" encoding="UTF-8"?>
<testng-results skipped="0" failed="1" total="3" passed="2">
  <reporter-output>
  </reporter-output>
  <suite name="Default suite" duration-ms="86164" started-at="2017-09-09T20:40:52Z" finished-at="2017-09-09T20:42:18Z">
    <groups>
    </groups>
    <test name="Default test" duration-ms="86164" started-at="2017-09-09T20:40:52Z" finished-at="2017-09-09T20:42:18Z">
      <class name="testScript.testOne">
        <test-method status="PASS" signature="verifyNoResultsMatchingTheQuery()[pri:0, instance:testScript.testOne@7f9a81e8]" name="verifyNoResultsMatchingTheQuery" duration-ms="26811" started-at="2017-09-10T02:10:52Z" finished-at="2017-09-10T02:11:18Z">
          <reporter-output>
          </reporter-output>
        </test-method> <!-- verifyNoResultsMatchingTheQuery -->
        <test-method status="PASS" signature="afterTestMethod()[pri:0, instance:testScript.testOne@7f9a81e8]" name="afterTestMethod" is-config="true" duration-ms="11" started-at="2017-09-10T02:11:18Z" finished-at="2017-09-10T02:11:18Z">
          <reporter-output>
          </reporter-output>
        </test-method> <!-- afterTestMethod -->
        <test-method status="PASS" signature="verifySearchIsWorking()[pri:0, instance:testScript.testOne@7f9a81e8]" name="verifySearchIsWorking" duration-ms="29405" started-at="2017-09-10T02:11:18Z" finished-at="2017-09-10T02:11:48Z">
          <reporter-output>
          </reporter-output>
        </test-method> <!-- verifySearchIsWorking -->
        <test-method status="PASS" signature="afterTestMethod()[pri:0, instance:testScript.testOne@7f9a81e8]" name="afterTestMethod" is-config="true" duration-ms="8" started-at="2017-09-10T02:11:48Z" finished-at="2017-09-10T02:11:48Z">
          <reporter-output>
          </reporter-output>
        </test-method> <!-- afterTestMethod -->
        <test-method status="FAIL" signature="verifySearchIsWorkingAndTilteNotMatch()[pri:0, instance:testScript.testOne@7f9a81e8]" name="verifySearchIsWorkingAndTilteNotMatch" duration-ms="29891" started-at="2017-09-10T02:11:48Z" finished-at="2017-09-10T02:12:18Z">
          <exception class="java.lang.AssertionError">
            <message>
              <![CDATA[expected [intensely not matching headline and failed test case] but found [India]]]>
            </message>
            <full-stacktrace>
              <![CDATA[java.lang.AssertionError: expected [intensely not matching headline and failed test case] but found [India]
	at org.testng.Assert.fail(Assert.java:94)
	at org.testng.Assert.failNotEquals(Assert.java:494)
	at org.testng.Assert.assertEquals(Assert.java:123)
	at org.testng.Assert.assertEquals(Assert.java:176)
	at org.testng.Assert.assertEquals(Assert.java:186)
	at testScript.testOne.verifySearchIsWorkingAndTilteNotMatch(testOne.java:44)
	at sun.reflect.NativeMethodAccessorImpl.invoke0(Native Method)
	at sun.reflect.NativeMethodAccessorImpl.invoke(Unknown Source)
	at sun.reflect.DelegatingMethodAccessorImpl.invoke(Unknown Source)
	at java.lang.reflect.Method.invoke(Unknown Source)
	at org.testng.internal.MethodInvocationHelper.invokeMethod(MethodInvocationHelper.java:80)
	at org.testng.internal.Invoker.invokeMethod(Invoker.java:714)
	at org.testng.internal.Invoker.invokeTestMethod(Invoker.java:901)
	at org.testng.internal.Invoker.invokeTestMethods(Invoker.java:1231)
	at org.testng.internal.TestMethodWorker.invokeTestMethods(TestMethodWorker.java:127)
	at org.testng.internal.TestMethodWorker.run(TestMethodWorker.java:111)
	at org.testng.TestRunner.privateRun(TestRunner.java:767)
	at org.testng.TestRunner.run(TestRunner.java:617)
	at org.testng.SuiteRunner.runTest(SuiteRunner.java:334)
	at org.testng.SuiteRunner.runSequentially(SuiteRunner.java:329)
	at org.testng.SuiteRunner.privateRun(SuiteRunner.java:291)
	at org.testng.SuiteRunner.run(SuiteRunner.java:240)
	at org.testng.SuiteRunnerWorker.runSuite(SuiteRunnerWorker.java:52)
	at org.testng.SuiteRunnerWorker.run(SuiteRunnerWorker.java:86)
	at org.testng.TestNG.runSuitesSequentially(TestNG.java:1198)
	at org.testng.TestNG.runSuitesLocally(TestNG.java:1123)
	at org.testng.TestNG.run(TestNG.java:1031)
	at org.testng.remote.AbstractRemoteTestNG.run(AbstractRemoteTestNG.java:132)
	at org.testng.remote.RemoteTestNG.initAndRun(RemoteTestNG.java:230)
	at org.testng.remote.RemoteTestNG.main(RemoteTestNG.java:76)
]]>
            </full-stacktrace>
          </exception> <!-- java.lang.AssertionError -->
          <reporter-output>
          </reporter-output>
        </test-method> <!-- verifySearchIsWorkingAndTilteNotMatch -->
        <test-method status="PASS" signature="afterTestMethod()[pri:0, instance:testScript.testOne@7f9a81e8]" name="afterTestMethod" is-config="true" duration-ms="11" started-at="2017-09-10T02:12:18Z" finished-at="2017-09-10T02:12:18Z">
          <reporter-output>
          </reporter-output>
        </test-method> <!-- afterTestMethod -->
        <test-method status="PASS" signature="closeBrowser1()[pri:0, instance:testScript.testOne@7f9a81e8]" name="closeBrowser1" is-config="true" duration-ms="7" started-at="2017-09-10T02:12:18Z" finished-at="2017-09-10T02:12:18Z">
          <reporter-output>
          </reporter-output>
        </test-method> <!-- closeBrowser1 -->
        <test-method status="PASS" signature="afterTestSuite()[pri:0, instance:testScript.testOne@7f9a81e8]" name="afterTestSuite" is-config="true" duration-ms="18" started-at="2017-09-10T02:12:18Z" finished-at="2017-09-10T02:12:18Z">
          <reporter-output>
          </reporter-output>
        </test-method> <!-- afterTestSuite -->
      </class> <!-- testScript.testOne -->
    </test> <!-- Default test -->
  </suite> <!-- Default suite -->
</testng-results>
